<?xml version="1.0" encoding="UTF-8"?>
<!-- Generated by org.testng.reporters.JUnitReportReporter -->
<testsuite hostname="DESKTOP-UA0QMBM" failures="0" tests="1" name="testCases.TC_001_AccountRegistrationTest" time="13.257" errors="0" timestamp="2025-06-15T18:07:20 IST" skipped="0">
  <testcase classname="testCases.TC_001_AccountRegistrationTest" name="test_account_Registration" time="13.257"/>
</testsuite> <!-- testCases.TC_001_AccountRegistrationTest -->
